epoch,accuracy,loss,val_accuracy,val_loss
0,0.2820749878883362,1.5494593381881714,0.3109999895095825,1.509984016418457
1,0.49752500653266907,1.1448030471801758,0.39079999923706055,1.3889113664627075
2,0.6739500164985657,0.7939962148666382,0.6953999996185303,0.699589729309082
3,0.7548499703407288,0.6161770224571228,0.5741000175476074,1.0587360858917236
4,0.8216249942779541,0.4645243287086487,0.6503000259399414,0.8565257787704468
5,0.8749250173568726,0.33807510137557983,0.8525999784469604,0.39505112171173096
6,0.9125499725341797,0.23879359662532806,0.5253999829292297,1.3886570930480957
7,0.940625011920929,0.16685383021831512,0.8511000275611877,0.4346303343772888
8,0.9545249938964844,0.1339198499917984,0.7771999835968018,0.6480782628059387
9,0.9605500102043152,0.11180069297552109,0.9544000029563904,0.11438833177089691
10,0.9635499715805054,0.10365570336580276,0.8083000183105469,0.4900315999984741
11,0.9644500017166138,0.09601524472236633,0.906000018119812,0.2560402750968933
12,0.9667999744415283,0.09320592880249023,0.7730000019073486,0.6953943967819214
13,0.9667999744415283,0.09034531563520432,0.9736999869346619,0.07036098092794418
14,0.9675250053405762,0.08857391029596329,0.9460999965667725,0.16390463709831238
15,0.9674249887466431,0.08382397145032883,0.9139000177383423,0.2530592381954193
16,0.9687749743461609,0.0791732519865036,0.9132000207901001,0.25161927938461304
17,0.9696000218391418,0.08006823807954788,0.953000009059906,0.12469126284122467
18,0.970550000667572,0.07658280432224274,0.8690000176429749,0.40004539489746094
19,0.9713000059127808,0.07337801158428192,0.975600004196167,0.05789283290505409
20,0.9708999991416931,0.07215461879968643,0.9652000069618225,0.12835414707660675
21,0.9725499749183655,0.06817333400249481,0.97079998254776,0.10210879892110825
22,0.9721500277519226,0.07106570154428482,0.7188000082969666,0.7888456583023071
23,0.9708499908447266,0.0705895721912384,0.857200026512146,0.33312657475471497
24,0.9728500247001648,0.06799643486738205,0.9693999886512756,0.07940246909856796
25,0.9714999794960022,0.06857039779424667,0.9629999995231628,0.0858868658542633
26,0.9729750156402588,0.06549354642629623,0.9649999737739563,0.10340601950883865
27,0.9735000133514404,0.06734238564968109,0.7573999762535095,0.7409688234329224
28,0.9731249809265137,0.0650470107793808,0.9444000124931335,0.16764400899410248
29,0.9739750027656555,0.061882756650447845,0.9753999710083008,0.06297169625759125
30,0.9724249839782715,0.06694836914539337,0.954200029373169,0.13383561372756958
31,0.9739750027656555,0.062317974865436554,0.9083999991416931,0.30413639545440674
32,0.974049985408783,0.06171532720327377,0.9420999884605408,0.15994516015052795
33,0.9752249717712402,0.060174938291311264,0.9747999906539917,0.05501663312315941
34,0.9750999808311462,0.058516889810562134,0.9700999855995178,0.07056170701980591
35,0.9746749997138977,0.059660401195287704,0.9599000215530396,0.14628244936466217
36,0.9746500253677368,0.059879619628190994,0.9659000039100647,0.0983763262629509
37,0.9748250246047974,0.05943358317017555,0.958899974822998,0.15528711676597595
38,0.9751999974250793,0.059359125792980194,0.9621000289916992,0.09638060629367828
39,0.9741500020027161,0.05998989939689636,0.9337999820709229,0.1776299625635147
40,0.9752249717712402,0.05943076312541962,0.9721999764442444,0.0673367828130722
41,0.9749249815940857,0.058292970061302185,0.9025999903678894,0.2515013515949249
42,0.9753249883651733,0.05752667412161827,0.6901999711990356,1.8428817987442017
43,0.9742249846458435,0.058691564947366714,0.9584000110626221,0.1123412474989891
44,0.9754250049591064,0.05603734776377678,0.8870999813079834,0.34142059087753296
45,0.9746999740600586,0.05581654608249664,0.9671000242233276,0.09477923810482025
46,0.9752249717712402,0.05667702481150627,0.9758999943733215,0.06704755127429962
47,0.9762750267982483,0.0558951310813427,0.9602000117301941,0.10456368327140808
48,0.9750000238418579,0.05618298426270485,0.974399983882904,0.05868713930249214
49,0.9767749905586243,0.05274484306573868,0.9039999842643738,0.2601966857910156
50,0.9760000109672546,0.05443252995610237,0.765500009059906,0.6630881428718567
51,0.9765750169754028,0.05285123735666275,0.8626000285148621,0.4534922242164612
52,0.9761499762535095,0.05255933851003647,0.9395999908447266,0.1720101535320282
53,0.9761000275611877,0.0543614886701107,0.6572999954223633,1.4337934255599976
54,0.9753749966621399,0.05475909262895584,0.9279999732971191,0.21641196310520172
55,0.9767500162124634,0.05198744684457779,0.9440000057220459,0.15706732869148254
56,0.9764249920845032,0.05371694266796112,0.9603000283241272,0.10670658946037292
57,0.977400004863739,0.050513964146375656,0.9610000252723694,0.10840378701686859
58,0.9770249724388123,0.05155419185757637,0.9726999998092651,0.07524263113737106
59,0.9767000079154968,0.05137240141630173,0.9657999873161316,0.09205647557973862
60,0.977400004863739,0.05028104782104492,0.9688000082969666,0.06769449263811111
61,0.9769999980926514,0.05144825577735901,0.9624000191688538,0.11646538972854614
62,0.9767500162124634,0.05143742635846138,0.9754999876022339,0.06324216723442078
63,0.9781749844551086,0.04859734699130058,0.9729999899864197,0.05859708413481712
64,0.9776250123977661,0.048755064606666565,0.9728999733924866,0.06992115825414658
65,0.9770749807357788,0.05169808492064476,0.9470000267028809,0.14499303698539734
66,0.9782000184059143,0.049238838255405426,0.9690999984741211,0.06500212103128433
67,0.9775999784469604,0.050248097628355026,0.9455000162124634,0.1393737941980362
68,0.9787750244140625,0.047795090824365616,0.9696999788284302,0.07297185808420181
69,0.9782750010490417,0.04891186207532883,0.9742000102996826,0.059424400329589844
70,0.9792249798774719,0.047686319798231125,0.9527999758720398,0.1296498328447342
71,0.9784250259399414,0.04841883108019829,0.9519000053405762,0.13703584671020508
72,0.9770749807357788,0.05245136842131615,0.9233999848365784,0.21859110891819
73,0.9775750041007996,0.04874211177229881,0.9726999998092651,0.07501323521137238
74,0.9785749912261963,0.04734114184975624,0.9764000177383423,0.058247875422239304
75,0.9784500002861023,0.048389893025159836,0.97079998254776,0.06812720745801926
76,0.9790499806404114,0.046441271901130676,0.9682000279426575,0.0825076699256897
77,0.9778749942779541,0.0478866770863533,0.9718999862670898,0.0773899257183075
78,0.9783499836921692,0.04815472289919853,0.9696000218391418,0.06827085465192795
79,0.9791499972343445,0.04657328873872757,0.9693999886512756,0.09680397808551788
80,0.9788500070571899,0.04647107049822807,0.9646000266075134,0.08552490174770355
81,0.9793499708175659,0.045818574726581573,0.9692000150680542,0.07978411763906479
82,0.9793999791145325,0.045229315757751465,0.968999981880188,0.0716627836227417
83,0.9789749979972839,0.04617823660373688,0.9358999729156494,0.19653519988059998
84,0.979574978351593,0.04594438523054123,0.9724000096321106,0.07247170060873032
85,0.9796249866485596,0.04441017284989357,0.9743000268936157,0.0604829266667366
86,0.9802250266075134,0.04463442787528038,0.9728999733924866,0.06281189620494843
87,0.9794750213623047,0.04471424221992493,0.9746000170707703,0.05449414625763893
88,0.9793999791145325,0.04434466361999512,0.973800003528595,0.061616044491529465
89,0.9804999828338623,0.044988907873630524,0.96670001745224,0.07558286935091019
90,0.9805999994277954,0.044217612594366074,0.9243000149726868,0.2657371461391449
91,0.9801499843597412,0.044288113713264465,0.9718000292778015,0.0655699372291565
92,0.9804250001907349,0.04382731765508652,0.9710999727249146,0.07780225574970245
93,0.9796249866485596,0.0434877909719944,0.9718000292778015,0.0699341893196106
94,0.9807249903678894,0.042676664888858795,0.9736999869346619,0.06138022989034653
95,0.980525016784668,0.04312887787818909,0.953000009059906,0.12087592482566833
96,0.9797250032424927,0.04337858408689499,0.9750999808311462,0.055922407656908035
97,0.9800249934196472,0.04358439892530441,0.975600004196167,0.0585109181702137
98,0.9803249835968018,0.04362645372748375,0.9726999998092651,0.06362994015216827
99,0.981024980545044,0.04226373881101608,0.9732999801635742,0.07264123111963272
100,0.9800500273704529,0.0427301824092865,0.9707000255584717,0.07330633699893951
101,0.9824249744415283,0.040868859738111496,0.9714999794960022,0.06037985906004906
102,0.9804499745368958,0.04314050450921059,0.9639999866485596,0.09613706916570663
103,0.9808250069618225,0.04330591484904289,0.9736999869346619,0.06437998265028
104,0.9814249873161316,0.04147019237279892,0.8043000102043152,0.7985826730728149
105,0.9814749956130981,0.04165229946374893,0.9710999727249146,0.06717876344919205
106,0.9808750152587891,0.0409778393805027,0.9728000164031982,0.06550894677639008
107,0.9822250008583069,0.0403890423476696,0.9718000292778015,0.06627044826745987
108,0.9817749857902527,0.04095182940363884,0.9729999899864197,0.06450678408145905
109,0.9816750288009644,0.04192155972123146,0.9761999845504761,0.05854593962430954
110,0.9819250106811523,0.039741743355989456,0.97079998254776,0.06676620244979858
111,0.9816499948501587,0.040190860629081726,0.963100016117096,0.10154523700475693
112,0.9815000295639038,0.03976643830537796,0.9717000126838684,0.060873743146657944
113,0.9818999767303467,0.03932025283575058,0.9513999819755554,0.12887252867221832
114,0.9817249774932861,0.04091207683086395,0.9722999930381775,0.07009710371494293
115,0.9822250008583069,0.03925823047757149,0.9729999899864197,0.06188792735338211
116,0.9826250076293945,0.04082430526614189,0.9646999835968018,0.10006772726774216
117,0.9817500114440918,0.03969581052660942,0.9732000231742859,0.07314514368772507
118,0.9816750288009644,0.04104482755064964,0.8605999946594238,0.43890511989593506
119,0.98294997215271,0.03916626423597336,0.9746999740600586,0.06565767526626587
120,0.9825500249862671,0.03878747299313545,0.9739000201225281,0.06139640510082245
121,0.9822499752044678,0.03831035643815994,0.9639999866485596,0.10381115972995758
122,0.9823499917984009,0.03842749819159508,0.9736999869346619,0.06257877498865128
123,0.983299970626831,0.03747092932462692,0.9624999761581421,0.09099686145782471
124,0.9829750061035156,0.03702828660607338,0.9733999967575073,0.06268042325973511
125,0.9821749925613403,0.03923991695046425,0.9758999943733215,0.06370411068201065
126,0.9832500219345093,0.03766540810465813,0.9456999897956848,0.1657259613275528
127,0.9823499917984009,0.03794286400079727,0.9728000164031982,0.07365377992391586
128,0.9829000234603882,0.038997843861579895,0.9733999967575073,0.06644637137651443
129,0.9837999939918518,0.035979535430669785,0.9724000096321106,0.06464431434869766
130,0.9845250248908997,0.03627326339483261,0.9679999947547913,0.09866075217723846
131,0.9844750165939331,0.03472604230046272,0.9697999954223633,0.06993000209331512
132,0.9834499955177307,0.037105049937963486,0.9700999855995178,0.08454589545726776
133,0.9833499789237976,0.03623460978269577,0.9718999862670898,0.07374035567045212
134,0.9836750030517578,0.03571624681353569,0.9623000025749207,0.09671639651060104
135,0.9842000007629395,0.03536010906100273,0.9740999937057495,0.06693166494369507
136,0.9836249947547913,0.03603729233145714,0.9746000170707703,0.06763065606355667
137,0.984499990940094,0.0351419635117054,0.9718999862670898,0.07488341629505157
138,0.9843500256538391,0.0353117510676384,0.9695000052452087,0.07283683866262436
139,0.9849249720573425,0.03430566564202309,0.9721999764442444,0.0714358538389206
140,0.9850249886512756,0.0349186472594738,0.967199981212616,0.09246776252985
141,0.9851999878883362,0.032729942351579666,0.9700000286102295,0.08901877701282501
142,0.9852499961853027,0.03332148864865303,0.9708999991416931,0.07057937979698181
143,0.9857000112533569,0.03417045623064041,0.9718999862670898,0.07548900693655014
144,0.9851750135421753,0.03312455117702484,0.9695000052452087,0.08295299112796783
145,0.9854750037193298,0.03245864808559418,0.9592999815940857,0.10886386781930923
146,0.9851499795913696,0.03326382860541344,0.9721999764442444,0.0854371190071106
147,0.9855750203132629,0.032633449882268906,0.9707000255584717,0.07350607216358185
148,0.9843999743461609,0.034056223928928375,0.972599983215332,0.07311990112066269
149,0.9854000210762024,0.03289239853620529,0.9714999794960022,0.07665692269802094
150,0.9855499863624573,0.03292270377278328,0.9739999771118164,0.06568464636802673
151,0.9855750203132629,0.03176327794790268,0.890999972820282,0.3538815677165985
152,0.9852250218391418,0.03385946527123451,0.9696000218391418,0.07640411704778671
153,0.9867249727249146,0.03013993240892887,0.972100019454956,0.07032711803913116
154,0.9860249757766724,0.0314403735101223,0.9635999798774719,0.10228032618761063
155,0.9857249855995178,0.031880833208560944,0.9740999937057495,0.08230946958065033
156,0.9855750203132629,0.031881969422101974,0.9688000082969666,0.07845108956098557
157,0.9869250059127808,0.03114999644458294,0.9732999801635742,0.08597691357135773
158,0.9866250157356262,0.03095400147140026,0.9704999923706055,0.07880991697311401
159,0.9866750240325928,0.030109558254480362,0.9713000059127808,0.0716065987944603
160,0.98642498254776,0.03121219575405121,0.9702000021934509,0.08246397972106934
161,0.9871749877929688,0.029537636786699295,0.9739999771118164,0.06811235845088959
162,0.98642498254776,0.030454445630311966,0.9725000262260437,0.08195469528436661
163,0.9868500232696533,0.029878076165914536,0.9710000157356262,0.07087604701519012
164,0.9869750142097473,0.029743805527687073,0.9722999930381775,0.07140058279037476
165,0.9873999953269958,0.029875317588448524,0.9703999757766724,0.08691378682851791
166,0.9868500232696533,0.030251827090978622,0.9670000076293945,0.10144253820180893
167,0.9873250126838684,0.029053768143057823,0.972100019454956,0.0784972682595253
168,0.9856500029563904,0.0313117541372776,0.9556999802589417,0.129108265042305
169,0.9870749711990356,0.029443100094795227,0.9746000170707703,0.07855311781167984
170,0.9879500269889832,0.029409877955913544,0.9702000021934509,0.07885430753231049
171,0.9876750111579895,0.02798009105026722,0.972599983215332,0.0758417472243309
172,0.9876999855041504,0.02830146811902523,0.9735000133514404,0.08704818785190582
173,0.9887499809265137,0.026734894141554832,0.9732999801635742,0.0913470983505249
174,0.9881250262260437,0.027703307569026947,0.972599983215332,0.07356817275285721
175,0.9880499839782715,0.02754928544163704,0.9714999794960022,0.07659498602151871
176,0.9883750081062317,0.027447262778878212,0.9735000133514404,0.0765826553106308
177,0.9871749877929688,0.028150366619229317,0.9732000231742859,0.08602380007505417
178,0.9878000020980835,0.028333013877272606,0.9724000096321106,0.07400457561016083
179,0.9878749847412109,0.02732735313475132,0.9732999801635742,0.07470694184303284
180,0.9888749718666077,0.025162193924188614,0.9674000144004822,0.10431695729494095
181,0.9885500073432922,0.025937506929039955,0.9702000021934509,0.09324837476015091
182,0.9884750247001648,0.026607489213347435,0.9702000021934509,0.08313141763210297
183,0.9881749749183655,0.027441369369626045,0.9703999757766724,0.07870636880397797
184,0.9886500239372253,0.026695340871810913,0.9666000008583069,0.09488002210855484
185,0.9887999892234802,0.025690801441669464,0.9685999751091003,0.0986831784248352
186,0.989300012588501,0.025444984436035156,0.9702000021934509,0.10113580524921417
187,0.989425003528595,0.02547757513821125,0.9721999764442444,0.08466921001672745
188,0.9890000224113464,0.02640092559158802,0.9717000126838684,0.08022689074277878
189,0.9888250231742859,0.025990938767790794,0.9718999862670898,0.08544962853193283
190,0.9891999959945679,0.024517666548490524,0.9714999794960022,0.07753060013055801
191,0.9889500141143799,0.025523845106363297,0.9667999744415283,0.09502551704645157
192,0.9890000224113464,0.024454645812511444,0.9732999801635742,0.08191266655921936
193,0.9894000291824341,0.024796878919005394,0.9725000262260437,0.09581883251667023
194,0.9897249937057495,0.024767212569713593,0.9747999906539917,0.08275146037340164
195,0.9899500012397766,0.02407964877784252,0.9728000164031982,0.09385303407907486
196,0.989425003528595,0.024794364348053932,0.9735000133514404,0.09082379937171936
197,0.989674985408783,0.02408180758357048,0.9570000171661377,0.15812557935714722
198,0.9894499778747559,0.02427733689546585,0.973800003528595,0.07744757831096649
199,0.9901000261306763,0.023480482399463654,0.9707000255584717,0.08489523828029633
200,0.9905999898910522,0.0225230660289526,0.9735000133514404,0.08870455622673035
201,0.9901750087738037,0.022559981793165207,0.9711999893188477,0.08897809684276581
202,0.9905499815940857,0.0220443457365036,0.9721999764442444,0.08878318220376968
203,0.9896500110626221,0.025032905861735344,0.9739999771118164,0.08718239516019821
204,0.989799976348877,0.02500081993639469,0.9728999733924866,0.08588679134845734
205,0.9904000163078308,0.02268049493432045,0.9707000255584717,0.0890447348356247
206,0.9908499717712402,0.021425819024443626,0.972599983215332,0.0927557647228241
207,0.9899749755859375,0.024139434099197388,0.9726999998092651,0.09100662916898727
208,0.9904749989509583,0.022627877071499825,0.9711999893188477,0.09332088381052017
209,0.9911500215530396,0.021100042387843132,0.9732999801635742,0.09381800889968872
210,0.9903500080108643,0.022583384066820145,0.9724000096321106,0.08216486871242523
211,0.9911500215530396,0.02145036682486534,0.9702000021934509,0.08301456272602081
212,0.9910500049591064,0.02162451110780239,0.9710999727249146,0.0816575363278389
213,0.9899749755859375,0.023916879668831825,0.9718000292778015,0.08807961642742157
214,0.991599977016449,0.020610375329852104,0.972100019454956,0.10622329264879227
215,0.9902999997138977,0.022041743621230125,0.9710000157356262,0.09029710292816162
216,0.9916999936103821,0.020461229607462883,0.9735000133514404,0.09125789999961853
217,0.991474986076355,0.01964065060019493,0.9693999886512756,0.09473741799592972
218,0.9915500283241272,0.019405096769332886,0.9702000021934509,0.09373653680086136
219,0.9909250140190125,0.022485552355647087,0.9624000191688538,0.12521910667419434
220,0.9915249943733215,0.02032715640962124,0.9708999991416931,0.10438216477632523
221,0.9905750155448914,0.0241832435131073,0.9685999751091003,0.0969303622841835
222,0.9919999837875366,0.020209839567542076,0.9696999788284302,0.09467344731092453
223,0.9916250109672546,0.01956087164580822,0.9731000065803528,0.09259526431560516
224,0.9908999800682068,0.021048659458756447,0.9707000255584717,0.1118493378162384
225,0.9920499920845032,0.01897299848496914,0.9704999923706055,0.10518267750740051
226,0.9918249845504761,0.020405326038599014,0.9722999930381775,0.09364478290081024
227,0.9923250079154968,0.018856123089790344,0.9724000096321106,0.09303319454193115
228,0.9917500019073486,0.019905995577573776,0.9690999984741211,0.09878044575452805
229,0.9913250207901001,0.02119551971554756,0.9697999954223633,0.09498281031847
230,0.9925249814987183,0.018825488165020943,0.9732999801635742,0.09083569049835205
231,0.9926249980926514,0.01912483386695385,0.9707000255584717,0.10010495781898499
232,0.9920750260353088,0.01859687641263008,0.9695000052452087,0.10293780267238617
233,0.992900013923645,0.017153408378362656,0.9722999930381775,0.09375955909490585
234,0.9929500222206116,0.017780780792236328,0.9699000120162964,0.12127874791622162
235,0.9926750063896179,0.017833637073636055,0.972599983215332,0.09763992577791214
236,0.9913250207901001,0.021163513883948326,0.9664999842643738,0.11289899796247482
237,0.9913750290870667,0.021050116047263145,0.9718000292778015,0.11848283559083939
238,0.992900013923645,0.017272908240556717,0.9726999998092651,0.09510686248540878
239,0.9927999973297119,0.018612006679177284,0.9732000231742859,0.09891535341739655
240,0.9933000206947327,0.016165276989340782,0.9695000052452087,0.10719465464353561
241,0.9918749928474426,0.019441191107034683,0.9740999937057495,0.10045676678419113
242,0.9934999942779541,0.01646500639617443,0.968500018119812,0.10850723832845688
243,0.9927250146865845,0.017906198278069496,0.9717000126838684,0.0963904932141304
244,0.9931250214576721,0.016292735934257507,0.972000002861023,0.10139448940753937
245,0.992900013923645,0.016910424456000328,0.9663000106811523,0.11968737840652466
246,0.9935250282287598,0.01624372974038124,0.972599983215332,0.0980357676744461
247,0.9935250282287598,0.016662253066897392,0.9689000248908997,0.1108073741197586
248,0.9927999973297119,0.017471563071012497,0.9732999801635742,0.10423462092876434
249,0.993274986743927,0.016643352806568146,0.9674999713897705,0.11877076327800751
250,0.9929249882698059,0.01738779991865158,0.9710999727249146,0.10262055695056915
251,0.9926999807357788,0.0178422462195158,0.9642000198364258,0.14322881400585175
252,0.9923250079154968,0.018572930246591568,0.9681000113487244,0.11430194973945618
253,0.9929500222206116,0.01716473326086998,0.9703999757766724,0.10105261951684952
254,0.9941250085830688,0.015464875847101212,0.9715999960899353,0.10859905928373337
255,0.9936749935150146,0.015676187351346016,0.9718999862670898,0.09897403419017792
256,0.9930750131607056,0.017580732703208923,0.9731000065803528,0.10649177432060242
257,0.9926750063896179,0.017533516511321068,0.9690999984741211,0.11105678975582123
258,0.994825005531311,0.013765687122941017,0.9729999899864197,0.11451694369316101
259,0.9929500222206116,0.017893800511956215,0.9728000164031982,0.10591733455657959
260,0.9942749738693237,0.014813894405961037,0.9641000032424927,0.1471390724182129
261,0.9936500191688538,0.015112140215933323,0.9731000065803528,0.10900914669036865
262,0.9943000078201294,0.014368386939167976,0.9714000225067139,0.1055871844291687
263,0.993399977684021,0.017483187839388847,0.9728000164031982,0.1185377687215805
264,0.9940000176429749,0.015328488312661648,0.9725000262260437,0.10112718492746353
265,0.9937750101089478,0.01614738069474697,0.9722999930381775,0.11101162433624268
266,0.9941250085830688,0.015128391794860363,0.9706000089645386,0.10888882726430893
267,0.9945999979972839,0.013887885957956314,0.9726999998092651,0.12805289030075073
268,0.9945250153541565,0.014123808592557907,0.9729999899864197,0.1215541884303093
269,0.9937750101089478,0.01621660217642784,0.972100019454956,0.1037595123052597
270,0.9934499859809875,0.01674867421388626,0.972599983215332,0.10830307751893997
271,0.9933750033378601,0.01631251908838749,0.970300018787384,0.12010334432125092
272,0.9943749904632568,0.013927352614700794,0.9700000286102295,0.12587150931358337
273,0.9941750168800354,0.014426260255277157,0.9707000255584717,0.10459063947200775
274,0.9952999949455261,0.01295618899166584,0.9714999794960022,0.11845854669809341
275,0.9940000176429749,0.015580901876091957,0.9724000096321106,0.1142474114894867
276,0.9951249957084656,0.012935728766024113,0.9718000292778015,0.12790632247924805
277,0.9937250018119812,0.01489537488669157,0.9728000164031982,0.11120899766683578
278,0.9934750199317932,0.016028927639126778,0.9718000292778015,0.10764144361019135
279,0.9944000244140625,0.013735976070165634,0.9714999794960022,0.11284398287534714
280,0.9944249987602234,0.013974335975944996,0.972599983215332,0.11253047734498978
281,0.9955999851226807,0.01142051350325346,0.9728000164031982,0.12163476645946503
282,0.9944499731063843,0.014551864936947823,0.964900016784668,0.13639679551124573
283,0.9935749769210815,0.016211694106459618,0.9735000133514404,0.11685631424188614
284,0.9939249753952026,0.016086779534816742,0.9656999707221985,0.13737158477306366
285,0.9936500191688538,0.015170424245297909,0.9714000225067139,0.11394167691469193
286,0.9949250221252441,0.013112225569784641,0.9714999794960022,0.11579195410013199
287,0.9946749806404114,0.013214058242738247,0.9717000126838684,0.11824614554643631
288,0.9948750138282776,0.013232450932264328,0.964900016784668,0.14798374474048615
289,0.994825005531311,0.01246345229446888,0.9711999893188477,0.11955134570598602
290,0.9952750205993652,0.01222275197505951,0.9629999995231628,0.148926243185997
291,0.9946249723434448,0.013991128653287888,0.9713000059127808,0.12569686770439148
292,0.9939749836921692,0.014396863989531994,0.9675999879837036,0.13860256969928741
293,0.9936500191688538,0.01542703714221716,0.9707000255584717,0.13174062967300415
294,0.9954000115394592,0.013022465631365776,0.9707000255584717,0.13890132308006287
295,0.9954500198364258,0.01188719179481268,0.9726999998092651,0.1248578280210495
296,0.9952250123023987,0.012343267910182476,0.9731000065803528,0.11990809440612793
297,0.995199978351593,0.012233777903020382,0.9708999991416931,0.11757706105709076
298,0.9959750175476074,0.011400789022445679,0.9715999960899353,0.11104943603277206
299,0.9946749806404114,0.013688089326024055,0.9711999893188477,0.123619943857193
300,0.9942499995231628,0.014567379839718342,0.9725000262260437,0.12819908559322357
301,0.9938499927520752,0.015991071239113808,0.972599983215332,0.11934755742549896
302,0.9958750009536743,0.010776732116937637,0.9717000126838684,0.11767586320638657
303,0.9961249828338623,0.010334099642932415,0.9706000089645386,0.12838269770145416
304,0.9954249858856201,0.012166209518909454,0.972100019454956,0.13002926111221313
305,0.9955999851226807,0.01219524722546339,0.9690999984741211,0.1298883855342865
306,0.996275007724762,0.010124575346708298,0.9699000120162964,0.12745170295238495
307,0.9950500130653381,0.012668331153690815,0.9700999855995178,0.11867991089820862
308,0.9940500259399414,0.015833893790841103,0.9729999899864197,0.12791496515274048
309,0.9947749972343445,0.013417131267488003,0.9717000126838684,0.11258041858673096
310,0.9959250092506409,0.010785374790430069,0.9686999917030334,0.12995177507400513
311,0.996025025844574,0.010276281274855137,0.9743000268936157,0.1303071677684784
312,0.9950000047683716,0.013787019066512585,0.9735999703407288,0.11877325177192688
313,0.9958500266075134,0.010375794023275375,0.9682000279426575,0.1413680613040924
314,0.9953500032424927,0.012348981574177742,0.9696999788284302,0.1378931701183319
315,0.9954749941825867,0.012177851982414722,0.9747999906539917,0.13139526546001434
316,0.9944750070571899,0.014119886793196201,0.9732000231742859,0.12439621239900589
317,0.9941499829292297,0.015009227208793163,0.9718999862670898,0.12711291015148163
318,0.9954500198364258,0.011496554128825665,0.9722999930381775,0.12947024405002594
319,0.9956499934196472,0.01190170831978321,0.9721999764442444,0.12832704186439514
320,0.9955499768257141,0.011537476442754269,0.9713000059127808,0.1403256207704544
321,0.9959250092506409,0.011652698740363121,0.9708999991416931,0.13716432452201843
322,0.9951500296592712,0.012753300368785858,0.972000002861023,0.11670522391796112
323,0.9955999851226807,0.010997198522090912,0.9711999893188477,0.13277758657932281
324,0.9955250024795532,0.012063967064023018,0.9718000292778015,0.12014458328485489
325,0.9963750243186951,0.009907669387757778,0.9725000262260437,0.12414151430130005
326,0.9955999851226807,0.011979147791862488,0.97079998254776,0.13385167717933655
327,0.9953500032424927,0.012140287086367607,0.9711999893188477,0.14064589142799377
328,0.9959250092506409,0.012094142846763134,0.9726999998092651,0.1274941861629486
329,0.9959499835968018,0.011455288156867027,0.9591000080108643,0.2014969289302826
330,0.9962000250816345,0.010087312199175358,0.9711999893188477,0.14587225019931793
331,0.995199978351593,0.013209431432187557,0.9667999744415283,0.131323903799057
332,0.9961749911308289,0.010287532582879066,0.9729999899864197,0.13658224046230316
333,0.9965500235557556,0.00893925130367279,0.9728000164031982,0.1339377760887146
334,0.9964749813079834,0.01028076745569706,0.9732000231742859,0.1386650651693344
335,0.9959250092506409,0.011403372511267662,0.9713000059127808,0.17267894744873047
336,0.996399998664856,0.009508439339697361,0.9726999998092651,0.12916068732738495
337,0.9964749813079834,0.009560718201100826,0.9728999733924866,0.16209033131599426
338,0.9950500130653381,0.014267944730818272,0.9721999764442444,0.13166603446006775
339,0.9961000084877014,0.011729170568287373,0.9735999703407288,0.12784160673618317
340,0.9957000017166138,0.011271955445408821,0.9722999930381775,0.13816574215888977
341,0.996399998664856,0.009554045274853706,0.9721999764442444,0.14592863619327545
342,0.9970499873161316,0.008543639443814754,0.9736999869346619,0.16218246519565582
343,0.9961000084877014,0.010202566161751747,0.9715999960899353,0.14325407147407532
344,0.9967749714851379,0.008744756691157818,0.9732000231742859,0.1421850621700287
345,0.9960749745368958,0.010799378156661987,0.9650999903678894,0.18825629353523254
346,0.9955750107765198,0.011641662567853928,0.9715999960899353,0.14530140161514282
347,0.9961249828338623,0.011276200413703918,0.972000002861023,0.13476209342479706
348,0.9962000250816345,0.009879965335130692,0.9708999991416931,0.13659633696079254
349,0.9958999752998352,0.01177575159817934,0.9732999801635742,0.14151208102703094
350,0.9958500266075134,0.011841554194688797,0.9728999733924866,0.13450032472610474
351,0.9962000250816345,0.010447470471262932,0.9718000292778015,0.12773583829402924
352,0.9955499768257141,0.012964561581611633,0.948199987411499,0.2975707948207855
353,0.9958750009536743,0.01224516611546278,0.9710000157356262,0.13999344408512115
354,0.9969499707221985,0.00808358658105135,0.9731000065803528,0.13955257833003998
355,0.9964749813079834,0.009445282630622387,0.972000002861023,0.14197564125061035
356,0.9962499737739563,0.010877572931349277,0.9703999757766724,0.12511855363845825
357,0.9969000220298767,0.008482543751597404,0.9710999727249146,0.14087092876434326
358,0.9970999956130981,0.008853821083903313,0.9728999733924866,0.14367006719112396
359,0.99652498960495,0.009745294228196144,0.9728999733924866,0.1328597366809845
360,0.9962000250816345,0.010384196415543556,0.9685999751091003,0.1394324153661728
361,0.9972500205039978,0.007865025661885738,0.9684000015258789,0.1578950583934784
362,0.99652498960495,0.009901276789605618,0.9674000144004822,0.18881559371948242
363,0.9955000281333923,0.011919641867280006,0.9740999937057495,0.1387636512517929
364,0.9979000091552734,0.006751796696335077,0.9728999733924866,0.14049841463565826
365,0.9969750046730042,0.009697278961539268,0.9693999886512756,0.14922700822353363
366,0.9958500266075134,0.011455592699348927,0.972100019454956,0.13789032399654388
367,0.9957249760627747,0.011386250145733356,0.9713000059127808,0.14403341710567474
368,0.9967749714851379,0.009631226770579815,0.9717000126838684,0.14149247109889984
369,0.9975249767303467,0.007345886901021004,0.9714000225067139,0.13976828753948212
370,0.9976999759674072,0.006460755132138729,0.972599983215332,0.14798849821090698
371,0.9958249926567078,0.010580508038401604,0.9697999954223633,0.15959292650222778
372,0.9959999918937683,0.011108631268143654,0.9718999862670898,0.15318715572357178
373,0.996399998664856,0.010212579742074013,0.9714000225067139,0.15029959380626678
374,0.9972249865531921,0.00767691433429718,0.9733999967575073,0.15091021358966827
375,0.9973499774932861,0.008021492511034012,0.9703999757766724,0.15311749279499054
376,0.9967250227928162,0.009411068633198738,0.9745000004768372,0.1488749384880066
377,0.9968500137329102,0.008874576538801193,0.9714000225067139,0.14155496656894684
378,0.9973000288009644,0.008018778637051582,0.9670000076293945,0.15305085480213165
379,0.99652498960495,0.010142235085368156,0.9718999862670898,0.14800570905208588
380,0.9976000189781189,0.006972888950258493,0.9714999794960022,0.1470469832420349
381,0.9958750009536743,0.012105242349207401,0.9700000286102295,0.1572338193655014
382,0.9962249994277954,0.010798020288348198,0.9703999757766724,0.15360617637634277
383,0.996999979019165,0.008607426658272743,0.9735000133514404,0.1564856469631195
384,0.9972000122070312,0.009041198529303074,0.9717000126838684,0.1480126529932022
385,0.9977750182151794,0.006876635830849409,0.9697999954223633,0.1468183398246765
386,0.996999979019165,0.00851522944867611,0.9707000255584717,0.13897289335727692
387,0.9964500069618225,0.010327900759875774,0.9729999899864197,0.15374091267585754
388,0.9977999925613403,0.007386212237179279,0.9728000164031982,0.16052262485027313
389,0.9960500001907349,0.010666541755199432,0.972599983215332,0.15095116198062897
390,0.9963499903678894,0.010462328791618347,0.9724000096321106,0.16360807418823242
391,0.9966750144958496,0.009732244536280632,0.9711999893188477,0.14895020425319672
392,0.996999979019165,0.008248577825725079,0.9742000102996826,0.1483723223209381
393,0.9976750016212463,0.006851887330412865,0.972599983215332,0.16357441246509552
394,0.9980000257492065,0.006125052459537983,0.9721999764442444,0.15379519760608673
395,0.9973250031471252,0.008245637640357018,0.9714999794960022,0.14860311150550842
396,0.9965000152587891,0.01106999721378088,0.9715999960899353,0.14570379257202148
397,0.9965749979019165,0.009655156172811985,0.9718000292778015,0.15290838479995728
398,0.9973499774932861,0.007762409280985594,0.9711999893188477,0.1525440812110901
399,0.9979000091552734,0.006805767770856619,0.972100019454956,0.1611124575138092
400,0.9983749985694885,0.005493324715644121,0.9715999960899353,0.14869552850723267
401,0.9971749782562256,0.0074464501813054085,0.9736999869346619,0.16356757283210754
402,0.99652498960495,0.00917394645512104,0.9728000164031982,0.161390021443367
403,0.9964500069618225,0.010292502120137215,0.9726999998092651,0.15648508071899414
404,0.9968500137329102,0.008947937749326229,0.9714999794960022,0.14994622766971588
405,0.9976999759674072,0.00624900171533227,0.9722999930381775,0.15104997158050537
406,0.997825026512146,0.0062323217280209064,0.9710999727249146,0.16045720875263214
407,0.9973000288009644,0.007448876276612282,0.9714999794960022,0.16179613769054413
408,0.9973999857902527,0.007379522081464529,0.9728999733924866,0.15384246408939362
409,0.996399998664856,0.01052040420472622,0.9725000262260437,0.15138912200927734
410,0.996649980545044,0.010315419174730778,0.9722999930381775,0.15866206586360931
411,0.9970750212669373,0.00903417356312275,0.9692000150680542,0.1638258844614029
412,0.9970499873161316,0.008527698926627636,0.973800003528595,0.1416902393102646
413,0.9974250197410583,0.007479727268218994,0.9717000126838684,0.1405758261680603
414,0.996649980545044,0.009269376285374165,0.9715999960899353,0.15092302858829498
415,0.9961000084877014,0.011513445526361465,0.9660999774932861,0.15962724387645721
416,0.9969499707221985,0.007975648157298565,0.9710000157356262,0.14766544103622437
417,0.9975500106811523,0.008099781349301338,0.9735000133514404,0.15670131146907806
418,0.9980250000953674,0.005754086654633284,0.972100019454956,0.15877674520015717
419,0.9977499842643738,0.006916119251400232,0.9710999727249146,0.1582956612110138
420,0.996999979019165,0.01004446018487215,0.9700999855995178,0.1595640480518341
421,0.996399998664856,0.009870138950645924,0.9693999886512756,0.15628303587436676
422,0.9974750280380249,0.007643074728548527,0.9715999960899353,0.15658575296401978
423,0.9970999956130981,0.008313480764627457,0.9711999893188477,0.1586405336856842
424,0.9961249828338623,0.011399220675230026,0.9729999899864197,0.15634647011756897
425,0.9971500039100647,0.008719994686543941,0.9725000262260437,0.15026763081550598
426,0.9980000257492065,0.0064858789555728436,0.972599983215332,0.14942613244056702
427,0.9976750016212463,0.007083941716700792,0.9726999998092651,0.16815532743930817
428,0.9971500039100647,0.008793283253908157,0.9692999720573425,0.18747898936271667
429,0.9976000189781189,0.0075189643539488316,0.972100019454956,0.17118839919567108
430,0.9972249865531921,0.008518997579813004,0.9717000126838684,0.15200242400169373
431,0.9983749985694885,0.0051683587953448296,0.9728000164031982,0.15388959646224976
432,0.9981250166893005,0.005695733707398176,0.970300018787384,0.16050313413143158
433,0.998075008392334,0.006460798438638449,0.9696999788284302,0.1853913515806198
434,0.9977999925613403,0.006303929723799229,0.9736999869346619,0.15463866293430328
435,0.9972749948501587,0.008371248841285706,0.9704999923706055,0.1554006040096283
436,0.9964500069618225,0.010464092716574669,0.9685999751091003,0.16144908964633942
437,0.9980000257492065,0.005994313862174749,0.9697999954223633,0.15942376852035522
438,0.9975500106811523,0.006663657259196043,0.9722999930381775,0.16183386743068695
439,0.9972500205039978,0.009117761626839638,0.9690999984741211,0.17626376450061798
440,0.996874988079071,0.008358309045433998,0.9715999960899353,0.15656371414661407
441,0.9973250031471252,0.007760080508887768,0.9736999869346619,0.1609213799238205
442,0.9976750016212463,0.006808493752032518,0.9739000201225281,0.15915478765964508
443,0.9975749850273132,0.007675779517740011,0.9729999899864197,0.15978536009788513
444,0.9968500137329102,0.009590815752744675,0.9715999960899353,0.15096409618854523
445,0.9976000189781189,0.007429757621139288,0.9706000089645386,0.16922932863235474
446,0.9978749752044678,0.0071845161728560925,0.9710999727249146,0.16577142477035522
447,0.9965500235557556,0.010569061152637005,0.9739000201225281,0.16125266253948212
448,0.9976750016212463,0.006656141486018896,0.9732999801635742,0.16397294402122498
449,0.9987000226974487,0.004926200956106186,0.9731000065803528,0.1582234501838684
450,0.99795001745224,0.006370824296027422,0.9708999991416931,0.16704438626766205
451,0.9967250227928162,0.009297635406255722,0.9733999967575073,0.15552164614200592
452,0.9962249994277954,0.011232617311179638,0.9728999733924866,0.1586351841688156
453,0.9978749752044678,0.007122064009308815,0.9714999794960022,0.16146838665008545
454,0.9972249865531921,0.007694757077842951,0.9732000231742859,0.1600119173526764
455,0.9981499910354614,0.0054603153839707375,0.974399983882904,0.16018514335155487
456,0.9980250000953674,0.006239684764295816,0.9686999917030334,0.16726593673229218
457,0.9973750114440918,0.00805782899260521,0.9667999744415283,0.1651369333267212
458,0.9976999759674072,0.006512058433145285,0.972000002861023,0.17278672754764557
459,0.9975749850273132,0.006934079807251692,0.9702000021934509,0.15333667397499084
460,0.9971749782562256,0.008528686128556728,0.9731000065803528,0.15960662066936493
461,0.9968000054359436,0.008488939143717289,0.9711999893188477,0.16176874935626984
462,0.9971250295639038,0.00836083572357893,0.9740999937057495,0.16640698909759521
463,0.9969750046730042,0.007524402812123299,0.972599983215332,0.17623965442180634
464,0.9977499842643738,0.007222926244139671,0.9728999733924866,0.15780210494995117
465,0.9980999827384949,0.006123293656855822,0.9728999733924866,0.16180294752120972
466,0.9981750249862671,0.005645928904414177,0.973800003528595,0.15173858404159546
467,0.9973999857902527,0.007356442045420408,0.9717000126838684,0.1877816617488861
468,0.9963499903678894,0.011009071953594685,0.9711999893188477,0.14903710782527924
469,0.9977999925613403,0.007003341801464558,0.9721999764442444,0.16960881650447845
470,0.9975000023841858,0.006940699182450771,0.9703999757766724,0.1619386523962021
471,0.9983999729156494,0.005201161373406649,0.9725000262260437,0.1679861843585968
472,0.9978749752044678,0.006034289486706257,0.968999981880188,0.1659688502550125
473,0.9987000226974487,0.004138472024351358,0.9718000292778015,0.16655458509922028
474,0.9975749850273132,0.007916891016066074,0.97079998254776,0.17100590467453003
475,0.9973999857902527,0.008125700056552887,0.9715999960899353,0.15613815188407898
476,0.9976000189781189,0.0072764623910188675,0.9715999960899353,0.16965296864509583
477,0.9976000189781189,0.0066881668753921986,0.9725000262260437,0.1706533133983612
478,0.9973000288009644,0.007625087164342403,0.9703999757766724,0.1790323704481125
479,0.9973499774932861,0.007571128662675619,0.9718999862670898,0.16977912187576294
480,0.9983500242233276,0.005433502607047558,0.9710000157356262,0.17456823587417603
481,0.9983000159263611,0.005224139429628849,0.9740999937057495,0.1662251502275467
482,0.9977750182151794,0.00632954016327858,0.9724000096321106,0.16755470633506775
483,0.9969000220298767,0.009226388297975063,0.9725000262260437,0.18365423381328583
484,0.9973499774932861,0.007879290729761124,0.9733999967575073,0.17492574453353882
485,0.9976750016212463,0.006355303805321455,0.972000002861023,0.16751141846179962
486,0.9982249736785889,0.005842186044901609,0.9725000262260437,0.15472157299518585
487,0.9970750212669373,0.008476928807795048,0.9717000126838684,0.17843930423259735
488,0.9973250031471252,0.007906070910394192,0.972100019454956,0.1774919480085373
489,0.9981499910354614,0.005910412408411503,0.9724000096321106,0.17139621078968048
490,0.9973750114440918,0.008583339862525463,0.9717000126838684,0.18092618882656097
491,0.9980499744415283,0.005638556554913521,0.9724000096321106,0.16842429339885712
492,0.9977499842643738,0.00712770177051425,0.9682000279426575,0.1962188482284546
493,0.9974750280380249,0.006967747583985329,0.9735999703407288,0.1838517189025879
494,0.9969249963760376,0.008278125897049904,0.9708999991416931,0.16258405148983002
495,0.9986000061035156,0.004313043784350157,0.9722999930381775,0.16881315410137177
496,0.9978749752044678,0.006663220003247261,0.9718999862670898,0.1889193058013916
497,0.9984750151634216,0.004889474716037512,0.9718000292778015,0.16713203489780426
498,0.9984250068664551,0.00520752277225256,0.9726999998092651,0.1785789281129837
499,0.9977250099182129,0.0071494863368570805,0.9722999930381775,0.19131901860237122
